---------------------------------------------------------------
[ 2019-06-13T19:14:51+08:00 ] 192.168.1.144 GET 192.168.1.144:1161/admin/pay/order?ref=addtabs
[运行时间：1.610705s] [吞吐率：0.62req/s] [内存消耗：3,199.11kb] [文件加载：135]
[ info ] [ BEHAVIOR ] Run Closure @app_init [ RunTime:0.000000s ]
[ info ] [ CACHE ] INIT File
[ info ] [ BEHAVIOR ] Run \addons\cms\Cms @app_init [ RunTime:0.067009s ]
[ info ] [ BEHAVIOR ] Run Closure @app_init [ RunTime:0.067009s ]
[ info ] [ LANG ] D:\WWW\fastadmin\thinkphp\lang\zh-cn.php
[ info ] [ ROUTE ] array (
  'type' => 'module',
  'module' => 
  array (
    0 => 'admin',
    1 => 'pay.order',
    2 => NULL,
  ),
)
[ info ] [ HEADER ] array (
  'cookie' => 'Hm_lvt_f8d0a8c400404989e195270b0bbf060a=1560396539; PHPSESSID=kuudi7nl5hrugpo2ijp7432bp0',
  'accept-language' => 'zh-CN,zh;q=0.9',
  'accept-encoding' => 'gzip, deflate',
  'accept' => 'text/html,application/xhtml+xml,application/xml;q=0.9,image/webp,image/apng,*/*;q=0.8,application/signed-exchange;v=b3',
  'user-agent' => 'Mozilla/5.0 (Windows NT 6.1; Win64; x64) AppleWebKit/537.36 (KHTML, like Gecko) Chrome/74.0.3729.169 Safari/537.36',
  'upgrade-insecure-requests' => '1',
  'connection' => 'close',
  'host' => '192.168.1.144:1161',
)
[ info ] [ PARAM ] array (
  'ref' => 'addtabs',
)
[ info ] [ LANG ] D:\WWW\fastadmin\public/../application/admin\lang\zh-cn.php
[ info ] [ BEHAVIOR ] Run app\common\behavior\Common @module_init [ RunTime:0.023003s ]
[ info ] [ SESSION ] INIT array (
  'id' => '',
  'var_session_id' => '',
  'prefix' => 'think',
  'type' => '',
  'auto_start' => true,
)
[ info ] [ DB ] INIT mysql
[ info ] [ BEHAVIOR ] Run app\admin\behavior\AdminLog @app_end [ RunTime:0.006501s ]
[ info ] [ BEHAVIOR ] Run \addons\cms\Cms @response_send [ RunTime:0.010501s ]
[ info ] [ LOG ] INIT File
[ sql ] [ DB ] CONNECT:[ UseTime:0.112514s ] mysql:host=pipiyaode.mysql.rds.aliyuncs.com;dbname=fa;charset=utf8
[ sql ] [ SQL ] SHOW COLUMNS FROM `fa_auth_group_access` [ RunTime:0.026003s ]
[ sql ] [ SQL ] SELECT `aga`.`uid`,`aga`.`group_id`,`ag`.`id`,`ag`.`pid`,`ag`.`name`,`ag`.`rules` FROM `fa_auth_group_access` `aga` LEFT JOIN `fa_auth_group` `ag` ON `aga`.`group_id`=`ag`.`id` WHERE  (  aga.uid='1' and ag.status='normal' ) [ RunTime:0.030004s ]
[ sql ] [ SQL ] SHOW COLUMNS FROM `fa_auth_rule` [ RunTime:0.018503s ]
[ sql ] [ SQL ] SELECT `id`,`pid`,`condition`,`icon`,`name`,`title`,`ismenu` FROM `fa_auth_rule` WHERE  `status` = 'normal' [ RunTime:0.021502s ]
---------------------------------------------------------------
[ 2019-06-13T19:14:51+08:00 ] 192.168.1.144 GET 192.168.1.144:1161/admin/index/index
[运行时间：0.619079s] [吞吐率：1.62req/s] [内存消耗：3,678.75kb] [文件加载：152]
[ info ] [ BEHAVIOR ] Run Closure @app_init [ RunTime:0.000000s ]
[ info ] [ CACHE ] INIT File
[ info ] [ BEHAVIOR ] Run \addons\cms\Cms @app_init [ RunTime:0.002501s ]
[ info ] [ BEHAVIOR ] Run Closure @app_init [ RunTime:0.002501s ]
[ info ] [ LANG ] D:\WWW\fastadmin\thinkphp\lang\zh-cn.php
[ info ] [ ROUTE ] array (
  'type' => 'module',
  'module' => 
  array (
    0 => 'admin',
    1 => 'index',
    2 => 'index',
  ),
)
[ info ] [ HEADER ] array (
  'cookie' => 'Hm_lvt_f8d0a8c400404989e195270b0bbf060a=1560396539; PHPSESSID=kuudi7nl5hrugpo2ijp7432bp0',
  'accept-language' => 'zh-CN,zh;q=0.9',
  'accept-encoding' => 'gzip, deflate',
  'accept' => 'text/html,application/xhtml+xml,application/xml;q=0.9,image/webp,image/apng,*/*;q=0.8,application/signed-exchange;v=b3',
  'user-agent' => 'Mozilla/5.0 (Windows NT 6.1; Win64; x64) AppleWebKit/537.36 (KHTML, like Gecko) Chrome/74.0.3729.169 Safari/537.36',
  'upgrade-insecure-requests' => '1',
  'connection' => 'close',
  'host' => '192.168.1.144:1161',
)
[ info ] [ PARAM ] array (
)
[ info ] [ LANG ] D:\WWW\fastadmin\public/../application/admin\lang\zh-cn.php
[ info ] [ BEHAVIOR ] Run app\common\behavior\Common @module_init [ RunTime:0.002000s ]
[ info ] [ SESSION ] INIT array (
  'id' => '',
  'var_session_id' => '',
  'prefix' => 'think',
  'type' => '',
  'auto_start' => true,
)
[ info ] [ BEHAVIOR ] Run \addons\geetest\Geetest @config_init [ RunTime:0.006500s ]
[ info ] [ LANG ] D:\WWW\fastadmin\public/../application/admin/lang/zh-cn/index.php
[ info ] [ DB ] INIT mysql
[ info ] [ BEHAVIOR ] Run \addons\geetest\Geetest @action_begin [ RunTime:0.000501s ]
[ info ] [ RUN ] app\admin\controller\Index->index[ D:\WWW\fastadmin\application\admin\controller\Index.php ]
[ info ] [ VIEW ] D:\WWW\fastadmin\public/../application/admin\view\index\index.html [ array (
  0 => 'breadcrumb',
  1 => 'site',
  2 => 'config',
  3 => 'auth',
  4 => 'admin',
  5 => 'menulist',
  6 => 'navlist',
  7 => 'fixedmenu',
  8 => 'referermenu',
  9 => 'title',
) ]
[ info ] [ BEHAVIOR ] Run app\admin\behavior\AdminLog @app_end [ RunTime:0.000000s ]
[ info ] [ BEHAVIOR ] Run \addons\cms\Cms @response_send [ RunTime:0.000000s ]
[ info ] [ LOG ] INIT File
[ sql ] [ DB ] CONNECT:[ UseTime:0.021002s ] mysql:host=pipiyaode.mysql.rds.aliyuncs.com;dbname=fa;charset=utf8
[ sql ] [ SQL ] SHOW COLUMNS FROM `fa_auth_group_access` [ RunTime:0.010502s ]
[ sql ] [ SQL ] SELECT `aga`.`uid`,`aga`.`group_id`,`ag`.`id`,`ag`.`pid`,`ag`.`name`,`ag`.`rules` FROM `fa_auth_group_access` `aga` LEFT JOIN `fa_auth_group` `ag` ON `aga`.`group_id`=`ag`.`id` WHERE  (  aga.uid='1' and ag.status='normal' ) [ RunTime:0.010501s ]
[ sql ] [ SQL ] SHOW COLUMNS FROM `fa_auth_rule` [ RunTime:0.011501s ]
[ sql ] [ SQL ] SELECT `id`,`pid`,`condition`,`icon`,`name`,`title`,`ismenu` FROM `fa_auth_rule` WHERE  `status` = 'normal' [ RunTime:0.024503s ]
---------------------------------------------------------------
[ 2019-06-13T19:14:53+08:00 ] 192.168.1.144 GET 192.168.1.144:1161/admin/dashboard?addtabs=1
[运行时间：1.325668s] [吞吐率：0.75req/s] [内存消耗：3,543.02kb] [文件加载：141]
[ info ] [ BEHAVIOR ] Run Closure @app_init [ RunTime:0.000000s ]
[ info ] [ CACHE ] INIT File
[ info ] [ BEHAVIOR ] Run \addons\cms\Cms @app_init [ RunTime:0.004501s ]
[ info ] [ BEHAVIOR ] Run Closure @app_init [ RunTime:0.004501s ]
[ info ] [ LANG ] D:\WWW\fastadmin\thinkphp\lang\zh-cn.php
[ info ] [ ROUTE ] array (
  'type' => 'module',
  'module' => 
  array (
    0 => 'admin',
    1 => 'dashboard',
    2 => NULL,
  ),
)
[ info ] [ HEADER ] array (
  'cookie' => 'Hm_lvt_f8d0a8c400404989e195270b0bbf060a=1560396539; PHPSESSID=kuudi7nl5hrugpo2ijp7432bp0',
  'accept-language' => 'zh-CN,zh;q=0.9',
  'accept-encoding' => 'gzip, deflate',
  'referer' => 'http://192.168.1.144:1161/admin/index/index',
  'accept' => 'text/html,application/xhtml+xml,application/xml;q=0.9,image/webp,image/apng,*/*;q=0.8,application/signed-exchange;v=b3',
  'user-agent' => 'Mozilla/5.0 (Windows NT 6.1; Win64; x64) AppleWebKit/537.36 (KHTML, like Gecko) Chrome/74.0.3729.169 Safari/537.36',
  'upgrade-insecure-requests' => '1',
  'connection' => 'close',
  'host' => '192.168.1.144:1161',
)
[ info ] [ PARAM ] array (
  'addtabs' => '1',
)
[ info ] [ LANG ] D:\WWW\fastadmin\public/../application/admin\lang\zh-cn.php
[ info ] [ BEHAVIOR ] Run app\common\behavior\Common @module_init [ RunTime:0.003501s ]
[ info ] [ SESSION ] INIT array (
  'id' => '',
  'var_session_id' => '',
  'prefix' => 'think',
  'type' => '',
  'auto_start' => true,
)
[ info ] [ DB ] INIT mysql
[ info ] [ BEHAVIOR ] Run \addons\geetest\Geetest @config_init [ RunTime:0.001501s ]
[ info ] [ LANG ] D:\WWW\fastadmin\public/../application/admin/lang/zh-cn/dashboard.php
[ info ] [ BEHAVIOR ] Run \addons\geetest\Geetest @action_begin [ RunTime:0.000000s ]
[ info ] [ RUN ] app\admin\controller\Dashboard->index[ D:\WWW\fastadmin\application\admin\controller\Dashboard.php ]
[ info ] [ VIEW ] D:\WWW\fastadmin\public/../application/admin\view\dashboard\index.html [ array (
  0 => 'breadcrumb',
  1 => 'site',
  2 => 'config',
  3 => 'auth',
  4 => 'admin',
  5 => 'totaluser',
  6 => 'totalviews',
  7 => 'totalorder',
  8 => 'totalorderamount',
  9 => 'todayusersignup',
  10 => 'todayorder',
  11 => 'unsettleorder',
  12 => 'sevendnu',
  13 => 'sevendau',
  14 => 'paylist',
  15 => 'createlist',
  16 => 'group_id',
) ]
[ info ] [ BEHAVIOR ] Run app\admin\behavior\AdminLog @app_end [ RunTime:0.000000s ]
[ info ] [ BEHAVIOR ] Run \addons\cms\Cms @response_send [ RunTime:0.000000s ]
[ info ] [ LOG ] INIT File
[ sql ] [ DB ] CONNECT:[ UseTime:0.023003s ] mysql:host=pipiyaode.mysql.rds.aliyuncs.com;dbname=fa;charset=utf8
[ sql ] [ SQL ] SHOW COLUMNS FROM `fa_auth_group_access` [ RunTime:0.022503s ]
[ sql ] [ SQL ] SELECT `aga`.`uid`,`aga`.`group_id`,`ag`.`id`,`ag`.`pid`,`ag`.`name`,`ag`.`rules` FROM `fa_auth_group_access` `aga` LEFT JOIN `fa_auth_group` `ag` ON `aga`.`group_id`=`ag`.`id` WHERE  (  aga.uid='1' and ag.status='normal' ) [ RunTime:0.337543s ]
[ sql ] [ SQL ] SHOW COLUMNS FROM `fa_auth_rule` [ RunTime:0.015002s ]
[ sql ] [ SQL ] SELECT `id`,`pid`,`condition`,`icon`,`name`,`title`,`ismenu` FROM `fa_auth_rule` WHERE  `status` = 'normal' [ RunTime:0.019502s ]
[ sql ] [ SQL ] SHOW COLUMNS FROM `fa_admin` [ RunTime:0.014502s ]
[ sql ] [ SQL ] SELECT * FROM `fa_admin` WHERE  `id` = 1 LIMIT 1 [ RunTime:0.016502s ]
[ sql ] [ SQL ] SELECT `group_id` FROM `fa_auth_group_access` WHERE  `uid` = 1 LIMIT 1 [ RunTime:0.309539s ]
[ sql ] [ SQL ] SHOW COLUMNS FROM `fa_wk_order` [ RunTime:0.020003s ]
[ sql ] [ SQL ] SELECT COUNT(*) AS tp_count FROM `fa_wk_order` WHERE  `add_time` BETWEEN 1559836800 AND 1559923200  AND (  1=1 ) LIMIT 1 [ RunTime:0.015002s ]
[ sql ] [ SQL ] SELECT COUNT(*) AS tp_count FROM `fa_wk_order` WHERE  `add_time` BETWEEN 1559836800 AND 1559923200  AND `order_status` = 2  AND (  1=1 ) LIMIT 1 [ RunTime:0.015502s ]
[ sql ] [ SQL ] SELECT COUNT(*) AS tp_count FROM `fa_wk_order` WHERE  `add_time` BETWEEN 1559923200 AND 1560009600  AND (  1=1 ) LIMIT 1 [ RunTime:0.012001s ]
[ sql ] [ SQL ] SELECT COUNT(*) AS tp_count FROM `fa_wk_order` WHERE  `add_time` BETWEEN 1559923200 AND 1560009600  AND `order_status` = 2  AND (  1=1 ) LIMIT 1 [ RunTime:0.013502s ]
[ sql ] [ SQL ] SELECT COUNT(*) AS tp_count FROM `fa_wk_order` WHERE  `add_time` BETWEEN 1560009600 AND 1560096000  AND (  1=1 ) LIMIT 1 [ RunTime:0.011502s ]
[ sql ] [ SQL ] SELECT COUNT(*) AS tp_count FROM `fa_wk_order` WHERE  `add_time` BETWEEN 1560009600 AND 1560096000  AND `order_status` = 2  AND (  1=1 ) LIMIT 1 [ RunTime:0.015001s ]
[ sql ] [ SQL ] SELECT COUNT(*) AS tp_count FROM `fa_wk_order` WHERE  `add_time` BETWEEN 1560096000 AND 1560182400  AND (  1=1 ) LIMIT 1 [ RunTime:0.011502s ]
[ sql ] [ SQL ] SELECT COUNT(*) AS tp_count FROM `fa_wk_order` WHERE  `add_time` BETWEEN 1560096000 AND 1560182400  AND `order_status` = 2  AND (  1=1 ) LIMIT 1 [ RunTime:0.017002s ]
[ sql ] [ SQL ] SELECT COUNT(*) AS tp_count FROM `fa_wk_order` WHERE  `add_time` BETWEEN 1560182400 AND 1560268800  AND (  1=1 ) LIMIT 1 [ RunTime:0.014002s ]
[ sql ] [ SQL ] SELECT COUNT(*) AS tp_count FROM `fa_wk_order` WHERE  `add_time` BETWEEN 1560182400 AND 1560268800  AND `order_status` = 2  AND (  1=1 ) LIMIT 1 [ RunTime:0.011501s ]
[ sql ] [ SQL ] SELECT COUNT(*) AS tp_count FROM `fa_wk_order` WHERE  `add_time` BETWEEN 1560268800 AND 1560355200  AND (  1=1 ) LIMIT 1 [ RunTime:0.016502s ]
[ sql ] [ SQL ] SELECT COUNT(*) AS tp_count FROM `fa_wk_order` WHERE  `add_time` BETWEEN 1560268800 AND 1560355200  AND `order_status` = 2  AND (  1=1 ) LIMIT 1 [ RunTime:0.012001s ]
[ sql ] [ SQL ] SELECT COUNT(*) AS tp_count FROM `fa_wk_order` WHERE  `add_time` BETWEEN 1560355200 AND 1560441600  AND (  1=1 ) LIMIT 1 [ RunTime:0.014002s ]
[ sql ] [ SQL ] SELECT COUNT(*) AS tp_count FROM `fa_wk_order` WHERE  `add_time` BETWEEN 1560355200 AND 1560441600  AND `order_status` = 2  AND (  1=1 ) LIMIT 1 [ RunTime:0.017002s ]
[ sql ] [ SQL ] SELECT COUNT(*) AS tp_count FROM `fa_admin` LIMIT 1 [ RunTime:0.012002s ]
[ sql ] [ SQL ] SELECT SUM(order_amount) AS tp_sum FROM `fa_wk_order` WHERE  `order_status` = 3  AND (  1=1 ) LIMIT 1 [ RunTime:0.010001s ]
[ sql ] [ SQL ] SELECT COUNT(*) AS tp_count FROM `fa_wk_order` WHERE  (  1=1 ) LIMIT 1 [ RunTime:0.015002s ]
[ sql ] [ SQL ] SELECT SUM(order_amount) AS tp_sum FROM `fa_wk_order` WHERE  `order_status` = 2  AND (  1=1 ) LIMIT 1 [ RunTime:0.013001s ]
[ sql ] [ SQL ] SELECT COUNT(*) AS tp_count FROM `fa_admin` WHERE  `createtime` > 1560355200 LIMIT 1 [ RunTime:0.011502s ]
[ sql ] [ SQL ] SELECT COUNT(*) AS tp_count FROM `fa_wk_order` WHERE  `add_time` > 1560355200  AND (  1=1 ) LIMIT 1 [ RunTime:0.012001s ]
[ sql ] [ SQL ] SHOW COLUMNS FROM `fa_wk_user` [ RunTime:0.015002s ]
[ sql ] [ SQL ] SELECT COUNT(*) AS tp_count FROM `fa_wk_user` LIMIT 1 [ RunTime:0.018503s ]
[ sql ] [ SQL ] SELECT SUM(order_amount) AS tp_sum FROM `fa_wk_order` WHERE  `order_status` = 3  AND `add_time` >= 1560355200  AND (  1=1 ) LIMIT 1 [ RunTime:0.012501s ]
[ sql ] [ SQL ] SELECT SUM(order_amount) AS tp_sum FROM `fa_wk_order` WHERE  `order_status` = 2  AND `add_time` >= 1560355200  AND (  1=1 ) LIMIT 1 [ RunTime:0.014002s ]
[ sql ] [ SQL ] SELECT `title`,`remark` FROM `fa_auth_rule` WHERE  `name` = 'dashboard' LIMIT 1 [ RunTime:0.015502s ]
---------------------------------------------------------------
[ 2019-06-13T19:14:53+08:00 ] 192.168.1.144 GET 192.168.1.144:1161/admin/pay/order?addtabs=1
[运行时间：0.604576s] [吞吐率：1.65req/s] [内存消耗：3,486.02kb] [文件加载：140]
[ info ] [ BEHAVIOR ] Run Closure @app_init [ RunTime:0.000501s ]
[ info ] [ CACHE ] INIT File
[ info ] [ BEHAVIOR ] Run \addons\cms\Cms @app_init [ RunTime:0.002500s ]
[ info ] [ BEHAVIOR ] Run Closure @app_init [ RunTime:0.002500s ]
[ info ] [ LANG ] D:\WWW\fastadmin\thinkphp\lang\zh-cn.php
[ info ] [ ROUTE ] array (
  'type' => 'module',
  'module' => 
  array (
    0 => 'admin',
    1 => 'pay.order',
    2 => NULL,
  ),
)
[ info ] [ HEADER ] array (
  'cookie' => 'Hm_lvt_f8d0a8c400404989e195270b0bbf060a=1560396539; PHPSESSID=kuudi7nl5hrugpo2ijp7432bp0',
  'accept-language' => 'zh-CN,zh;q=0.9',
  'accept-encoding' => 'gzip, deflate',
  'referer' => 'http://192.168.1.144:1161/admin/index/index',
  'accept' => 'text/html,application/xhtml+xml,application/xml;q=0.9,image/webp,image/apng,*/*;q=0.8,application/signed-exchange;v=b3',
  'user-agent' => 'Mozilla/5.0 (Windows NT 6.1; Win64; x64) AppleWebKit/537.36 (KHTML, like Gecko) Chrome/74.0.3729.169 Safari/537.36',
  'upgrade-insecure-requests' => '1',
  'connection' => 'close',
  'host' => '192.168.1.144:1161',
)
[ info ] [ PARAM ] array (
  'addtabs' => '1',
)
[ info ] [ LANG ] D:\WWW\fastadmin\public/../application/admin\lang\zh-cn.php
[ info ] [ BEHAVIOR ] Run app\common\behavior\Common @module_init [ RunTime:0.001500s ]
[ info ] [ SESSION ] INIT array (
  'id' => '',
  'var_session_id' => '',
  'prefix' => 'think',
  'type' => '',
  'auto_start' => true,
)
[ info ] [ DB ] INIT mysql
[ info ] [ BEHAVIOR ] Run \addons\geetest\Geetest @config_init [ RunTime:0.000500s ]
[ info ] [ LANG ] D:\WWW\fastadmin\public/../application/admin/lang/zh-cn/pay/order.php
[ info ] [ DB ] INIT mysql
[ info ] [ BEHAVIOR ] Run \addons\geetest\Geetest @action_begin [ RunTime:0.000000s ]
[ info ] [ RUN ] app\admin\controller\pay\Order->index[ D:\WWW\fastadmin\application\admin\controller\pay\Order.php ]
[ info ] [ VIEW ] D:\WWW\fastadmin\public/../application/admin\view\pay\order\index.html [ array (
  0 => 'breadcrumb',
  1 => 'site',
  2 => 'config',
  3 => 'auth',
  4 => 'admin',
  5 => 'typeList',
) ]
[ info ] [ BEHAVIOR ] Run app\admin\behavior\AdminLog @app_end [ RunTime:0.000500s ]
[ info ] [ BEHAVIOR ] Run \addons\cms\Cms @response_send [ RunTime:0.000000s ]
[ info ] [ LOG ] INIT File
[ sql ] [ DB ] CONNECT:[ UseTime:0.025003s ] mysql:host=pipiyaode.mysql.rds.aliyuncs.com;dbname=fa;charset=utf8
[ sql ] [ SQL ] SHOW COLUMNS FROM `fa_auth_group_access` [ RunTime:0.013002s ]
[ sql ] [ SQL ] SELECT `aga`.`uid`,`aga`.`group_id`,`ag`.`id`,`ag`.`pid`,`ag`.`name`,`ag`.`rules` FROM `fa_auth_group_access` `aga` LEFT JOIN `fa_auth_group` `ag` ON `aga`.`group_id`=`ag`.`id` WHERE  (  aga.uid='1' and ag.status='normal' ) [ RunTime:0.017002s ]
[ sql ] [ SQL ] SHOW COLUMNS FROM `fa_auth_rule` [ RunTime:0.012501s ]
[ sql ] [ SQL ] SELECT `id`,`pid`,`condition`,`icon`,`name`,`title`,`ismenu` FROM `fa_auth_rule` WHERE  `status` = 'normal' [ RunTime:0.015502s ]
[ sql ] [ SQL ] SELECT `group_id` FROM `fa_auth_group_access` WHERE  `uid` = 1 LIMIT 1 [ RunTime:0.026504s ]
[ sql ] [ SQL ] SHOW COLUMNS FROM `fa_wk_user` [ RunTime:0.012001s ]
[ sql ] [ SQL ] SELECT `id` FROM `fa_wk_user` WHERE  `id` = 1 LIMIT 1 [ RunTime:0.011502s ]
[ sql ] [ SQL ] SELECT `title`,`remark` FROM `fa_auth_rule` WHERE  `name` = 'pay/order' LIMIT 1 [ RunTime:0.014002s ]
---------------------------------------------------------------
[ 2019-06-13T19:14:53+08:00 ] 192.168.1.144 GET 192.168.1.144:1161/admin/ajax/lang?callback=define&controllername=index&v=1560424491
[运行时间：0.304539s] [吞吐率：3.28req/s] [内存消耗：2,674.88kb] [文件加载：132]
[ info ] [ BEHAVIOR ] Run Closure @app_init [ RunTime:0.000500s ]
[ info ] [ CACHE ] INIT File
[ info ] [ BEHAVIOR ] Run \addons\cms\Cms @app_init [ RunTime:0.004001s ]
[ info ] [ BEHAVIOR ] Run Closure @app_init [ RunTime:0.004001s ]
[ info ] [ LANG ] D:\WWW\fastadmin\thinkphp\lang\zh-cn.php
[ info ] [ ROUTE ] array (
  'type' => 'module',
  'module' => 
  array (
    0 => 'admin',
    1 => 'ajax',
    2 => 'lang',
  ),
)
[ info ] [ HEADER ] array (
  'cookie' => 'Hm_lvt_f8d0a8c400404989e195270b0bbf060a=1560396539; PHPSESSID=kuudi7nl5hrugpo2ijp7432bp0',
  'accept-language' => 'zh-CN,zh;q=0.9',
  'accept-encoding' => 'gzip, deflate',
  'referer' => 'http://192.168.1.144:1161/admin/index/index',
  'accept' => '*/*',
  'user-agent' => 'Mozilla/5.0 (Windows NT 6.1; Win64; x64) AppleWebKit/537.36 (KHTML, like Gecko) Chrome/74.0.3729.169 Safari/537.36',
  'connection' => 'close',
  'host' => '192.168.1.144:1161',
)
[ info ] [ PARAM ] array (
  'callback' => 'define',
  'controllername' => 'index',
  'v' => '1560424491',
)
[ info ] [ LANG ] D:\WWW\fastadmin\public/../application/admin\lang\zh-cn.php
[ info ] [ BEHAVIOR ] Run app\common\behavior\Common @module_init [ RunTime:0.003001s ]
[ info ] [ SESSION ] INIT array (
  'id' => '',
  'var_session_id' => '',
  'prefix' => 'think',
  'type' => '',
  'auto_start' => true,
)
[ info ] [ BEHAVIOR ] Run \addons\geetest\Geetest @config_init [ RunTime:0.000500s ]
[ info ] [ LANG ] D:\WWW\fastadmin\public/../application/admin/lang/zh-cn/ajax.php
[ info ] [ BEHAVIOR ] Run \addons\geetest\Geetest @action_begin [ RunTime:0.000000s ]
[ info ] [ RUN ] app\admin\controller\Ajax->lang[ D:\WWW\fastadmin\application\admin\controller\Ajax.php ]
[ info ] [ LANG ] D:\WWW\fastadmin\public/../application/admin/lang/zh-cn/index.php
[ info ] [ BEHAVIOR ] Run app\admin\behavior\AdminLog @app_end [ RunTime:0.000500s ]
[ info ] [ BEHAVIOR ] Run \addons\cms\Cms @response_send [ RunTime:0.000500s ]
[ info ] [ LOG ] INIT File
---------------------------------------------------------------
[ 2019-06-13T19:14:53+08:00 ] 192.168.1.144 GET 192.168.1.144:1161/admin/ajax/lang?callback=define&controllername=pay.order&v=1560424493
[运行时间：0.053006s] [吞吐率：18.87req/s] [内存消耗：2,672.55kb] [文件加载：132]
[ info ] [ BEHAVIOR ] Run Closure @app_init [ RunTime:0.000000s ]
[ info ] [ CACHE ] INIT File
[ info ] [ BEHAVIOR ] Run \addons\cms\Cms @app_init [ RunTime:0.003500s ]
[ info ] [ BEHAVIOR ] Run Closure @app_init [ RunTime:0.003500s ]
[ info ] [ LANG ] D:\WWW\fastadmin\thinkphp\lang\zh-cn.php
[ info ] [ ROUTE ] array (
  'type' => 'module',
  'module' => 
  array (
    0 => 'admin',
    1 => 'ajax',
    2 => 'lang',
  ),
)
[ info ] [ HEADER ] array (
  'cookie' => 'Hm_lvt_f8d0a8c400404989e195270b0bbf060a=1560396539; PHPSESSID=kuudi7nl5hrugpo2ijp7432bp0',
  'accept-language' => 'zh-CN,zh;q=0.9',
  'accept-encoding' => 'gzip, deflate',
  'referer' => 'http://192.168.1.144:1161/admin/pay/order?addtabs=1',
  'accept' => '*/*',
  'user-agent' => 'Mozilla/5.0 (Windows NT 6.1; Win64; x64) AppleWebKit/537.36 (KHTML, like Gecko) Chrome/74.0.3729.169 Safari/537.36',
  'connection' => 'close',
  'host' => '192.168.1.144:1161',
)
[ info ] [ PARAM ] array (
  'callback' => 'define',
  'controllername' => 'pay.order',
  'v' => '1560424493',
)
[ info ] [ LANG ] D:\WWW\fastadmin\public/../application/admin\lang\zh-cn.php
[ info ] [ BEHAVIOR ] Run app\common\behavior\Common @module_init [ RunTime:0.001500s ]
[ info ] [ SESSION ] INIT array (
  'id' => '',
  'var_session_id' => '',
  'prefix' => 'think',
  'type' => '',
  'auto_start' => true,
)
[ info ] [ BEHAVIOR ] Run \addons\geetest\Geetest @config_init [ RunTime:0.000500s ]
[ info ] [ LANG ] D:\WWW\fastadmin\public/../application/admin/lang/zh-cn/ajax.php
[ info ] [ BEHAVIOR ] Run \addons\geetest\Geetest @action_begin [ RunTime:0.000000s ]
[ info ] [ RUN ] app\admin\controller\Ajax->lang[ D:\WWW\fastadmin\application\admin\controller\Ajax.php ]
[ info ] [ LANG ] D:\WWW\fastadmin\public/../application/admin/lang/zh-cn/pay/order.php
[ info ] [ BEHAVIOR ] Run app\admin\behavior\AdminLog @app_end [ RunTime:0.000000s ]
[ info ] [ BEHAVIOR ] Run \addons\cms\Cms @response_send [ RunTime:0.000500s ]
[ info ] [ LOG ] INIT File
---------------------------------------------------------------
[ 2019-06-13T19:14:54+08:00 ] 192.168.1.144 GET 192.168.1.144:1161/admin/pay/order/index?addtabs=1&sort=id&order=desc&offset=0&limit=10&filter=%7B%7D&op=%7B%7D&_=1560424493733
[运行时间：0.384549s] [吞吐率：2.60req/s] [内存消耗：3,694.74kb] [文件加载：146]
[ info ] [ BEHAVIOR ] Run Closure @app_init [ RunTime:0.000500s ]
[ info ] [ CACHE ] INIT File
[ info ] [ BEHAVIOR ] Run \addons\cms\Cms @app_init [ RunTime:0.003500s ]
[ info ] [ BEHAVIOR ] Run Closure @app_init [ RunTime:0.003500s ]
[ info ] [ LANG ] D:\WWW\fastadmin\thinkphp\lang\zh-cn.php
[ info ] [ ROUTE ] array (
  'type' => 'module',
  'module' => 
  array (
    0 => 'admin',
    1 => 'pay.order',
    2 => 'index',
  ),
)
[ info ] [ HEADER ] array (
  'cookie' => 'Hm_lvt_f8d0a8c400404989e195270b0bbf060a=1560396539; PHPSESSID=kuudi7nl5hrugpo2ijp7432bp0',
  'accept-language' => 'zh-CN,zh;q=0.9',
  'accept-encoding' => 'gzip, deflate',
  'referer' => 'http://192.168.1.144:1161/admin/pay/order?addtabs=1',
  'content-type' => 'application/json',
  'user-agent' => 'Mozilla/5.0 (Windows NT 6.1; Win64; x64) AppleWebKit/537.36 (KHTML, like Gecko) Chrome/74.0.3729.169 Safari/537.36',
  'x-requested-with' => 'XMLHttpRequest',
  'accept' => 'application/json, text/javascript, */*; q=0.01',
  'connection' => 'close',
  'host' => '192.168.1.144:1161',
)
[ info ] [ PARAM ] array (
  'addtabs' => '1',
  'sort' => 'id',
  'order' => 'desc',
  'offset' => '0',
  'limit' => '10',
  'filter' => '{}',
  'op' => '{}',
  '_' => '1560424493733',
)
[ info ] [ LANG ] D:\WWW\fastadmin\public/../application/admin\lang\zh-cn.php
[ info ] [ BEHAVIOR ] Run app\common\behavior\Common @module_init [ RunTime:0.002500s ]
[ info ] [ SESSION ] INIT array (
  'id' => '',
  'var_session_id' => '',
  'prefix' => 'think',
  'type' => '',
  'auto_start' => true,
)
[ info ] [ DB ] INIT mysql
[ info ] [ BEHAVIOR ] Run \addons\geetest\Geetest @config_init [ RunTime:0.000500s ]
[ info ] [ LANG ] D:\WWW\fastadmin\public/../application/admin/lang/zh-cn/pay/order.php
[ info ] [ DB ] INIT mysql
[ info ] [ BEHAVIOR ] Run \addons\geetest\Geetest @action_begin [ RunTime:0.000000s ]
[ info ] [ RUN ] app\admin\controller\pay\Order->index[ D:\WWW\fastadmin\application\admin\controller\pay\Order.php ]
[ info ] [ BEHAVIOR ] Run app\admin\behavior\AdminLog @app_end [ RunTime:0.000500s ]
[ info ] [ BEHAVIOR ] Run \addons\cms\Cms @response_send [ RunTime:0.000000s ]
[ info ] [ LOG ] INIT File
[ sql ] [ DB ] CONNECT:[ UseTime:0.024504s ] mysql:host=pipiyaode.mysql.rds.aliyuncs.com;dbname=fa;charset=utf8
[ sql ] [ SQL ] SHOW COLUMNS FROM `fa_auth_group_access` [ RunTime:0.018502s ]
[ sql ] [ SQL ] SELECT `aga`.`uid`,`aga`.`group_id`,`ag`.`id`,`ag`.`pid`,`ag`.`name`,`ag`.`rules` FROM `fa_auth_group_access` `aga` LEFT JOIN `fa_auth_group` `ag` ON `aga`.`group_id`=`ag`.`id` WHERE  (  aga.uid='1' and ag.status='normal' ) [ RunTime:0.014002s ]
[ sql ] [ SQL ] SHOW COLUMNS FROM `fa_auth_rule` [ RunTime:0.015502s ]
[ sql ] [ SQL ] SELECT `id`,`pid`,`condition`,`icon`,`name`,`title`,`ismenu` FROM `fa_auth_rule` WHERE  `status` = 'normal' [ RunTime:0.015502s ]
[ sql ] [ SQL ] SELECT `group_id` FROM `fa_auth_group_access` WHERE  `uid` = 1 LIMIT 1 [ RunTime:0.013001s ]
[ sql ] [ SQL ] SHOW COLUMNS FROM `fa_wk_user` [ RunTime:0.015002s ]
[ sql ] [ SQL ] SELECT `id` FROM `fa_wk_user` WHERE  `id` = 1 LIMIT 1 [ RunTime:0.021503s ]
[ sql ] [ DB ] CONNECT:[ UseTime:0.040505s ] mysql:host=pipiyaode.mysql.rds.aliyuncs.com;dbname=fa;charset=utf8
[ sql ] [ SQL ] SHOW COLUMNS FROM `fa_wk_order` [ RunTime:0.011502s ]
[ sql ] [ SQL ] SELECT COUNT(*) AS tp_count FROM `fa_wk_order` `order` LEFT JOIN `fa_wk_user` `wkuser` ON `order`.`user_id`=`wkuser`.`id` WHERE  (  1=1 ) ORDER BY `order`.`id` DESC LIMIT 1 [ RunTime:0.012502s ]
[ sql ] [ SQL ] SELECT `order`.`id`,`order`.`order_id`,`order`.`unique_order_id`,`order`.`user_id`,`order`.`leader_id`,`order`.`type`,`order`.`order_amount`,`order`.`goods_detail`,`order`.`goods_title`,`order`.`user_in`,`order`.`agent_in`,`order`.`platform_in`,`order`.`yeepay_in`,`order`.`order_status`,`order`.`residual_amount`,`order`.`divide_rate`,`order`.`add_time`,`order`.`update_time`,`order`.`sn`,wkuser.id AS wkuser__id,wkuser.type AS wkuser__type,wkuser.industry AS wkuser__industry,wkuser.bank_card AS wkuser__bank_card,wkuser.alipay AS wkuser__alipay,wkuser.wxpay AS wkuser__wxpay,wkuser.user_name AS wkuser__user_name,wkuser.password AS wkuser__password,wkuser.phone AS wkuser__phone,wkuser.status AS wkuser__status,wkuser.leader_id AS wkuser__leader_id,wkuser.add_time AS wkuser__add_time,wkuser.divide_rate AS wkuser__divide_rate,wkuser.update_time AS wkuser__update_time,wkuser.info AS wkuser__info,wkuser.merchant_no AS wkuser__merchant_no,wkuser.contract_no AS wkuser__contract_no,wkuser.license AS wkuser__license FROM `fa_wk_order` `order` LEFT JOIN `fa_wk_user` `wkuser` ON `order`.`user_id`=`wkuser`.`id` WHERE  (  1=1 ) ORDER BY `order`.`id` DESC LIMIT 0,10 [ RunTime:0.054006s ]
[ sql ] [ SQL ] SELECT `group_id` FROM `fa_auth_group_access` WHERE  `uid` = 1 LIMIT 1 [ RunTime:0.014502s ]
---------------------------------------------------------------
[ 2019-06-13T19:14:54+08:00 ] 192.168.1.144 GET 192.168.1.144:1161/admin/ajax/lang?callback=define&controllername=dashboard&v=1560424492
[运行时间：0.187523s] [吞吐率：5.33req/s] [内存消耗：2,673.74kb] [文件加载：132]
[ info ] [ BEHAVIOR ] Run Closure @app_init [ RunTime:0.000000s ]
[ info ] [ CACHE ] INIT File
[ info ] [ BEHAVIOR ] Run \addons\cms\Cms @app_init [ RunTime:0.003001s ]
[ info ] [ BEHAVIOR ] Run Closure @app_init [ RunTime:0.003001s ]
[ info ] [ LANG ] D:\WWW\fastadmin\thinkphp\lang\zh-cn.php
[ info ] [ ROUTE ] array (
  'type' => 'module',
  'module' => 
  array (
    0 => 'admin',
    1 => 'ajax',
    2 => 'lang',
  ),
)
[ info ] [ HEADER ] array (
  'cookie' => 'Hm_lvt_f8d0a8c400404989e195270b0bbf060a=1560396539; PHPSESSID=kuudi7nl5hrugpo2ijp7432bp0',
  'accept-language' => 'zh-CN,zh;q=0.9',
  'accept-encoding' => 'gzip, deflate',
  'referer' => 'http://192.168.1.144:1161/admin/dashboard?addtabs=1',
  'accept' => '*/*',
  'user-agent' => 'Mozilla/5.0 (Windows NT 6.1; Win64; x64) AppleWebKit/537.36 (KHTML, like Gecko) Chrome/74.0.3729.169 Safari/537.36',
  'connection' => 'close',
  'host' => '192.168.1.144:1161',
)
[ info ] [ PARAM ] array (
  'callback' => 'define',
  'controllername' => 'dashboard',
  'v' => '1560424492',
)
[ info ] [ LANG ] D:\WWW\fastadmin\public/../application/admin\lang\zh-cn.php
[ info ] [ BEHAVIOR ] Run app\common\behavior\Common @module_init [ RunTime:0.002000s ]
[ info ] [ SESSION ] INIT array (
  'id' => '',
  'var_session_id' => '',
  'prefix' => 'think',
  'type' => '',
  'auto_start' => true,
)
[ info ] [ BEHAVIOR ] Run \addons\geetest\Geetest @config_init [ RunTime:0.000000s ]
[ info ] [ LANG ] D:\WWW\fastadmin\public/../application/admin/lang/zh-cn/ajax.php
[ info ] [ BEHAVIOR ] Run \addons\geetest\Geetest @action_begin [ RunTime:0.000000s ]
[ info ] [ RUN ] app\admin\controller\Ajax->lang[ D:\WWW\fastadmin\application\admin\controller\Ajax.php ]
[ info ] [ LANG ] D:\WWW\fastadmin\public/../application/admin/lang/zh-cn/dashboard.php
[ info ] [ BEHAVIOR ] Run app\admin\behavior\AdminLog @app_end [ RunTime:0.000000s ]
[ info ] [ BEHAVIOR ] Run \addons\cms\Cms @response_send [ RunTime:0.000500s ]
[ info ] [ LOG ] INIT File
---------------------------------------------------------------
[ 2019-06-13T19:15:16+08:00 ] 192.168.1.144 GET 192.168.1.144:1161/admin/pay/merchants?addtabs=1
[运行时间：0.264534s] [吞吐率：3.78req/s] [内存消耗：3,457.28kb] [文件加载：140]
[ info ] [ BEHAVIOR ] Run Closure @app_init [ RunTime:0.000000s ]
[ info ] [ CACHE ] INIT File
[ info ] [ BEHAVIOR ] Run \addons\cms\Cms @app_init [ RunTime:0.002500s ]
[ info ] [ BEHAVIOR ] Run Closure @app_init [ RunTime:0.002500s ]
[ info ] [ LANG ] D:\WWW\fastadmin\thinkphp\lang\zh-cn.php
[ info ] [ ROUTE ] array (
  'type' => 'module',
  'module' => 
  array (
    0 => 'admin',
    1 => 'pay.merchants',
    2 => NULL,
  ),
)
[ info ] [ HEADER ] array (
  'cookie' => 'Hm_lvt_f8d0a8c400404989e195270b0bbf060a=1560396539; PHPSESSID=kuudi7nl5hrugpo2ijp7432bp0',
  'accept-language' => 'zh-CN,zh;q=0.9',
  'accept-encoding' => 'gzip, deflate',
  'referer' => 'http://192.168.1.144:1161/admin/pay/merchants?ref=addtabs',
  'accept' => 'text/html,application/xhtml+xml,application/xml;q=0.9,image/webp,image/apng,*/*;q=0.8,application/signed-exchange;v=b3',
  'user-agent' => 'Mozilla/5.0 (Windows NT 6.1; Win64; x64) AppleWebKit/537.36 (KHTML, like Gecko) Chrome/74.0.3729.169 Safari/537.36',
  'upgrade-insecure-requests' => '1',
  'connection' => 'close',
  'host' => '192.168.1.144:1161',
)
[ info ] [ PARAM ] array (
  'addtabs' => '1',
)
[ info ] [ LANG ] D:\WWW\fastadmin\public/../application/admin\lang\zh-cn.php
[ info ] [ BEHAVIOR ] Run app\common\behavior\Common @module_init [ RunTime:0.001501s ]
[ info ] [ SESSION ] INIT array (
  'id' => '',
  'var_session_id' => '',
  'prefix' => 'think',
  'type' => '',
  'auto_start' => true,
)
[ info ] [ DB ] INIT mysql
[ info ] [ BEHAVIOR ] Run \addons\geetest\Geetest @config_init [ RunTime:0.000500s ]
[ info ] [ LANG ] D:\WWW\fastadmin\public/../application/admin/lang/zh-cn/pay/merchants.php
[ info ] [ DB ] INIT mysql
[ info ] [ BEHAVIOR ] Run \addons\geetest\Geetest @action_begin [ RunTime:0.000000s ]
[ info ] [ RUN ] app\admin\controller\pay\Merchants->index[ D:\WWW\fastadmin\application\admin\controller\pay\Merchants.php ]
[ info ] [ VIEW ] D:\WWW\fastadmin\public/../application/admin\view\pay\merchants\index.html [ array (
  0 => 'breadcrumb',
  1 => 'site',
  2 => 'config',
  3 => 'auth',
  4 => 'admin',
  5 => 'typeList',
) ]
[ info ] [ BEHAVIOR ] Run app\admin\behavior\AdminLog @app_end [ RunTime:0.000500s ]
[ info ] [ BEHAVIOR ] Run \addons\cms\Cms @response_send [ RunTime:0.000000s ]
[ info ] [ LOG ] INIT File
[ sql ] [ DB ] CONNECT:[ UseTime:0.022503s ] mysql:host=pipiyaode.mysql.rds.aliyuncs.com;dbname=fa;charset=utf8
[ sql ] [ SQL ] SHOW COLUMNS FROM `fa_auth_group_access` [ RunTime:0.011501s ]
[ sql ] [ SQL ] SELECT `aga`.`uid`,`aga`.`group_id`,`ag`.`id`,`ag`.`pid`,`ag`.`name`,`ag`.`rules` FROM `fa_auth_group_access` `aga` LEFT JOIN `fa_auth_group` `ag` ON `aga`.`group_id`=`ag`.`id` WHERE  (  aga.uid='1' and ag.status='normal' ) [ RunTime:0.013002s ]
[ sql ] [ SQL ] SHOW COLUMNS FROM `fa_auth_rule` [ RunTime:0.013001s ]
[ sql ] [ SQL ] SELECT `id`,`pid`,`condition`,`icon`,`name`,`title`,`ismenu` FROM `fa_auth_rule` WHERE  `status` = 'normal' [ RunTime:0.014501s ]
[ sql ] [ SQL ] SELECT `title`,`remark` FROM `fa_auth_rule` WHERE  `name` = 'pay/merchants' LIMIT 1 [ RunTime:0.014002s ]
---------------------------------------------------------------
[ 2019-06-13T19:15:17+08:00 ] 192.168.1.144 GET 192.168.1.144:1161/admin/ajax/lang?callback=define&controllername=pay.merchants&v=1560424516
[运行时间：0.062508s] [吞吐率：16.00req/s] [内存消耗：2,673.08kb] [文件加载：132]
[ info ] [ BEHAVIOR ] Run Closure @app_init [ RunTime:0.000000s ]
[ info ] [ CACHE ] INIT File
[ info ] [ BEHAVIOR ] Run \addons\cms\Cms @app_init [ RunTime:0.004501s ]
[ info ] [ BEHAVIOR ] Run Closure @app_init [ RunTime:0.004501s ]
[ info ] [ LANG ] D:\WWW\fastadmin\thinkphp\lang\zh-cn.php
[ info ] [ ROUTE ] array (
  'type' => 'module',
  'module' => 
  array (
    0 => 'admin',
    1 => 'ajax',
    2 => 'lang',
  ),
)
[ info ] [ HEADER ] array (
  'cookie' => 'Hm_lvt_f8d0a8c400404989e195270b0bbf060a=1560396539; PHPSESSID=kuudi7nl5hrugpo2ijp7432bp0',
  'accept-language' => 'zh-CN,zh;q=0.9',
  'accept-encoding' => 'gzip, deflate',
  'referer' => 'http://192.168.1.144:1161/admin/pay/merchants?addtabs=1',
  'accept' => '*/*',
  'user-agent' => 'Mozilla/5.0 (Windows NT 6.1; Win64; x64) AppleWebKit/537.36 (KHTML, like Gecko) Chrome/74.0.3729.169 Safari/537.36',
  'connection' => 'close',
  'host' => '192.168.1.144:1161',
)
[ info ] [ PARAM ] array (
  'callback' => 'define',
  'controllername' => 'pay.merchants',
  'v' => '1560424516',
)
[ info ] [ LANG ] D:\WWW\fastadmin\public/../application/admin\lang\zh-cn.php
[ info ] [ BEHAVIOR ] Run app\common\behavior\Common @module_init [ RunTime:0.002001s ]
[ info ] [ SESSION ] INIT array (
  'id' => '',
  'var_session_id' => '',
  'prefix' => 'think',
  'type' => '',
  'auto_start' => true,
)
[ info ] [ BEHAVIOR ] Run \addons\geetest\Geetest @config_init [ RunTime:0.000500s ]
[ info ] [ LANG ] D:\WWW\fastadmin\public/../application/admin/lang/zh-cn/ajax.php
[ info ] [ BEHAVIOR ] Run \addons\geetest\Geetest @action_begin [ RunTime:0.000000s ]
[ info ] [ RUN ] app\admin\controller\Ajax->lang[ D:\WWW\fastadmin\application\admin\controller\Ajax.php ]
[ info ] [ LANG ] D:\WWW\fastadmin\public/../application/admin/lang/zh-cn/pay/merchants.php
[ info ] [ BEHAVIOR ] Run app\admin\behavior\AdminLog @app_end [ RunTime:0.000500s ]
[ info ] [ BEHAVIOR ] Run \addons\cms\Cms @response_send [ RunTime:0.000500s ]
[ info ] [ LOG ] INIT File
---------------------------------------------------------------
[ 2019-06-13T19:15:20+08:00 ] 192.168.1.144 GET 192.168.1.144:1161/admin/pay/merchants/index?addtabs=1&sort=uid&order=desc&offset=0&limit=10&filter=%7B%7D&op=%7B%7D&_=1560424516911
[运行时间：3.577955s] [吞吐率：0.28req/s] [内存消耗：3,591.38kb] [文件加载：142]
[ info ] [ BEHAVIOR ] Run Closure @app_init [ RunTime:0.000000s ]
[ info ] [ CACHE ] INIT File
[ info ] [ BEHAVIOR ] Run \addons\cms\Cms @app_init [ RunTime:0.002500s ]
[ info ] [ BEHAVIOR ] Run Closure @app_init [ RunTime:0.002500s ]
[ info ] [ LANG ] D:\WWW\fastadmin\thinkphp\lang\zh-cn.php
[ info ] [ ROUTE ] array (
  'type' => 'module',
  'module' => 
  array (
    0 => 'admin',
    1 => 'pay.merchants',
    2 => 'index',
  ),
)
[ info ] [ HEADER ] array (
  'cookie' => 'Hm_lvt_f8d0a8c400404989e195270b0bbf060a=1560396539; PHPSESSID=kuudi7nl5hrugpo2ijp7432bp0',
  'accept-language' => 'zh-CN,zh;q=0.9',
  'accept-encoding' => 'gzip, deflate',
  'referer' => 'http://192.168.1.144:1161/admin/pay/merchants?addtabs=1',
  'content-type' => 'application/json',
  'user-agent' => 'Mozilla/5.0 (Windows NT 6.1; Win64; x64) AppleWebKit/537.36 (KHTML, like Gecko) Chrome/74.0.3729.169 Safari/537.36',
  'x-requested-with' => 'XMLHttpRequest',
  'accept' => 'application/json, text/javascript, */*; q=0.01',
  'connection' => 'close',
  'host' => '192.168.1.144:1161',
)
[ info ] [ PARAM ] array (
  'addtabs' => '1',
  'sort' => 'uid',
  'order' => 'desc',
  'offset' => '0',
  'limit' => '10',
  'filter' => '{}',
  'op' => '{}',
  '_' => '1560424516911',
)
[ info ] [ LANG ] D:\WWW\fastadmin\public/../application/admin\lang\zh-cn.php
[ info ] [ BEHAVIOR ] Run app\common\behavior\Common @module_init [ RunTime:0.001500s ]
[ info ] [ SESSION ] INIT array (
  'id' => '',
  'var_session_id' => '',
  'prefix' => 'think',
  'type' => '',
  'auto_start' => true,
)
[ info ] [ DB ] INIT mysql
[ info ] [ BEHAVIOR ] Run \addons\geetest\Geetest @config_init [ RunTime:0.000500s ]
[ info ] [ LANG ] D:\WWW\fastadmin\public/../application/admin/lang/zh-cn/pay/merchants.php
[ info ] [ DB ] INIT mysql
[ info ] [ BEHAVIOR ] Run \addons\geetest\Geetest @action_begin [ RunTime:0.000000s ]
[ info ] [ RUN ] app\admin\controller\pay\Merchants->index[ D:\WWW\fastadmin\application\admin\controller\pay\Merchants.php ]
[ info ] [ BEHAVIOR ] Run app\admin\behavior\AdminLog @app_end [ RunTime:0.001000s ]
[ info ] [ BEHAVIOR ] Run \addons\cms\Cms @response_send [ RunTime:0.000500s ]
[ info ] [ LOG ] INIT File
[ sql ] [ DB ] CONNECT:[ UseTime:0.070009s ] mysql:host=pipiyaode.mysql.rds.aliyuncs.com;dbname=fa;charset=utf8
[ sql ] [ SQL ] SHOW COLUMNS FROM `fa_auth_group_access` [ RunTime:0.019003s ]
[ sql ] [ SQL ] SELECT `aga`.`uid`,`aga`.`group_id`,`ag`.`id`,`ag`.`pid`,`ag`.`name`,`ag`.`rules` FROM `fa_auth_group_access` `aga` LEFT JOIN `fa_auth_group` `ag` ON `aga`.`group_id`=`ag`.`id` WHERE  (  aga.uid='1' and ag.status='normal' ) [ RunTime:0.012501s ]
[ sql ] [ SQL ] SHOW COLUMNS FROM `fa_auth_rule` [ RunTime:0.013002s ]
[ sql ] [ SQL ] SELECT `id`,`pid`,`condition`,`icon`,`name`,`title`,`ismenu` FROM `fa_auth_rule` WHERE  `status` = 'normal' [ RunTime:0.017502s ]
[ sql ] [ DB ] CONNECT:[ UseTime:3.024884s ] mysql:host=pipiyaode.mysql.rds.aliyuncs.com;dbname=fa;charset=utf8
[ sql ] [ SQL ] SHOW COLUMNS FROM `fa_check_info` [ RunTime:0.014502s ]
[ sql ] [ SQL ] SELECT COUNT(*) AS tp_count FROM `fa_check_info` WHERE  `status` = 2 ORDER BY `uid` DESC LIMIT 1 [ RunTime:0.316040s ]
[ sql ] [ SQL ] SELECT * FROM `fa_check_info` WHERE  `status` = 2 ORDER BY `uid` DESC LIMIT 0,10 [ RunTime:0.015502s ]
---------------------------------------------------------------
[ 2019-06-13T19:18:43+08:00 ] 192.168.1.144 GET 192.168.1.144:1161/admin/check/wait?addtabs=1
[运行时间：0.392049s] [吞吐率：2.55req/s] [内存消耗：3,484.71kb] [文件加载：140]
[ info ] [ BEHAVIOR ] Run Closure @app_init [ RunTime:0.000000s ]
[ info ] [ CACHE ] INIT File
[ info ] [ BEHAVIOR ] Run \addons\cms\Cms @app_init [ RunTime:0.002501s ]
[ info ] [ BEHAVIOR ] Run Closure @app_init [ RunTime:0.002501s ]
[ info ] [ LANG ] D:\WWW\fastadmin\thinkphp\lang\zh-cn.php
[ info ] [ ROUTE ] array (
  'type' => 'module',
  'module' => 
  array (
    0 => 'admin',
    1 => 'check.wait',
    2 => NULL,
  ),
)
[ info ] [ HEADER ] array (
  'cookie' => 'Hm_lvt_f8d0a8c400404989e195270b0bbf060a=1560396539; PHPSESSID=kuudi7nl5hrugpo2ijp7432bp0',
  'accept-language' => 'zh-CN,zh;q=0.9',
  'accept-encoding' => 'gzip, deflate',
  'referer' => 'http://192.168.1.144:1161/admin/check/wait?ref=addtabs',
  'accept' => 'text/html,application/xhtml+xml,application/xml;q=0.9,image/webp,image/apng,*/*;q=0.8,application/signed-exchange;v=b3',
  'user-agent' => 'Mozilla/5.0 (Windows NT 6.1; Win64; x64) AppleWebKit/537.36 (KHTML, like Gecko) Chrome/74.0.3729.169 Safari/537.36',
  'upgrade-insecure-requests' => '1',
  'connection' => 'close',
  'host' => '192.168.1.144:1161',
)
[ info ] [ PARAM ] array (
  'addtabs' => '1',
)
[ info ] [ LANG ] D:\WWW\fastadmin\public/../application/admin\lang\zh-cn.php
[ info ] [ BEHAVIOR ] Run app\common\behavior\Common @module_init [ RunTime:0.001000s ]
[ info ] [ SESSION ] INIT array (
  'id' => '',
  'var_session_id' => '',
  'prefix' => 'think',
  'type' => '',
  'auto_start' => true,
)
[ info ] [ DB ] INIT mysql
[ info ] [ BEHAVIOR ] Run \addons\geetest\Geetest @config_init [ RunTime:0.000500s ]
[ info ] [ LANG ] D:\WWW\fastadmin\public/../application/admin/lang/zh-cn/check/wait.php
[ info ] [ DB ] INIT mysql
[ info ] [ BEHAVIOR ] Run \addons\geetest\Geetest @action_begin [ RunTime:0.000000s ]
[ info ] [ RUN ] app\admin\controller\check\Wait->index[ D:\WWW\fastadmin\application\admin\controller\check\Wait.php ]
[ info ] [ VIEW ] D:\WWW\fastadmin\public/../application/admin\view\check\wait\index.html [ array (
  0 => 'breadcrumb',
  1 => 'site',
  2 => 'config',
  3 => 'auth',
  4 => 'admin',
  5 => 'typeList',
) ]
[ info ] [ BEHAVIOR ] Run app\admin\behavior\AdminLog @app_end [ RunTime:0.000500s ]
[ info ] [ BEHAVIOR ] Run \addons\cms\Cms @response_send [ RunTime:0.000000s ]
[ info ] [ LOG ] INIT File
[ sql ] [ DB ] CONNECT:[ UseTime:0.136017s ] mysql:host=pipiyaode.mysql.rds.aliyuncs.com;dbname=fa;charset=utf8
[ sql ] [ SQL ] SHOW COLUMNS FROM `fa_auth_group_access` [ RunTime:0.012001s ]
[ sql ] [ SQL ] SELECT `aga`.`uid`,`aga`.`group_id`,`ag`.`id`,`ag`.`pid`,`ag`.`name`,`ag`.`rules` FROM `fa_auth_group_access` `aga` LEFT JOIN `fa_auth_group` `ag` ON `aga`.`group_id`=`ag`.`id` WHERE  (  aga.uid='1' and ag.status='normal' ) [ RunTime:0.013002s ]
[ sql ] [ SQL ] SHOW COLUMNS FROM `fa_auth_rule` [ RunTime:0.016002s ]
[ sql ] [ SQL ] SELECT `id`,`pid`,`condition`,`icon`,`name`,`title`,`ismenu` FROM `fa_auth_rule` WHERE  `status` = 'normal' [ RunTime:0.020503s ]
[ sql ] [ SQL ] SELECT `title`,`remark` FROM `fa_auth_rule` WHERE  `name` = 'check/wait' LIMIT 1 [ RunTime:0.012001s ]
---------------------------------------------------------------
[ 2019-06-13T19:18:44+08:00 ] 192.168.1.144 GET 192.168.1.144:1161/admin/ajax/lang?callback=define&controllername=check.wait&v=1560424723
[运行时间：0.040505s] [吞吐率：24.69req/s] [内存消耗：2,673.14kb] [文件加载：132]
[ info ] [ BEHAVIOR ] Run Closure @app_init [ RunTime:0.000000s ]
[ info ] [ CACHE ] INIT File
[ info ] [ BEHAVIOR ] Run \addons\cms\Cms @app_init [ RunTime:0.002001s ]
[ info ] [ BEHAVIOR ] Run Closure @app_init [ RunTime:0.002001s ]
[ info ] [ LANG ] D:\WWW\fastadmin\thinkphp\lang\zh-cn.php
[ info ] [ ROUTE ] array (
  'type' => 'module',
  'module' => 
  array (
    0 => 'admin',
    1 => 'ajax',
    2 => 'lang',
  ),
)
[ info ] [ HEADER ] array (
  'cookie' => 'Hm_lvt_f8d0a8c400404989e195270b0bbf060a=1560396539; PHPSESSID=kuudi7nl5hrugpo2ijp7432bp0',
  'accept-language' => 'zh-CN,zh;q=0.9',
  'accept-encoding' => 'gzip, deflate',
  'referer' => 'http://192.168.1.144:1161/admin/check/wait?addtabs=1',
  'accept' => '*/*',
  'user-agent' => 'Mozilla/5.0 (Windows NT 6.1; Win64; x64) AppleWebKit/537.36 (KHTML, like Gecko) Chrome/74.0.3729.169 Safari/537.36',
  'connection' => 'close',
  'host' => '192.168.1.144:1161',
)
[ info ] [ PARAM ] array (
  'callback' => 'define',
  'controllername' => 'check.wait',
  'v' => '1560424723',
)
[ info ] [ LANG ] D:\WWW\fastadmin\public/../application/admin\lang\zh-cn.php
[ info ] [ BEHAVIOR ] Run app\common\behavior\Common @module_init [ RunTime:0.001500s ]
[ info ] [ SESSION ] INIT array (
  'id' => '',
  'var_session_id' => '',
  'prefix' => 'think',
  'type' => '',
  'auto_start' => true,
)
[ info ] [ BEHAVIOR ] Run \addons\geetest\Geetest @config_init [ RunTime:0.000500s ]
[ info ] [ LANG ] D:\WWW\fastadmin\public/../application/admin/lang/zh-cn/ajax.php
[ info ] [ BEHAVIOR ] Run \addons\geetest\Geetest @action_begin [ RunTime:0.000500s ]
[ info ] [ RUN ] app\admin\controller\Ajax->lang[ D:\WWW\fastadmin\application\admin\controller\Ajax.php ]
[ info ] [ LANG ] D:\WWW\fastadmin\public/../application/admin/lang/zh-cn/check/wait.php
[ info ] [ BEHAVIOR ] Run app\admin\behavior\AdminLog @app_end [ RunTime:0.000500s ]
[ info ] [ BEHAVIOR ] Run \addons\cms\Cms @response_send [ RunTime:0.000000s ]
[ info ] [ LOG ] INIT File
---------------------------------------------------------------
[ 2019-06-13T19:18:44+08:00 ] 192.168.1.144 GET 192.168.1.144:1161/admin/check/wait/index?addtabs=1&sort=id&order=desc&offset=0&limit=10&filter=%7B%7D&op=%7B%7D&_=1560424724053
[运行时间：0.206526s] [吞吐率：4.84req/s] [内存消耗：3,604.10kb] [文件加载：141]
[ info ] [ BEHAVIOR ] Run Closure @app_init [ RunTime:0.000000s ]
[ info ] [ CACHE ] INIT File
[ info ] [ BEHAVIOR ] Run \addons\cms\Cms @app_init [ RunTime:0.004001s ]
[ info ] [ BEHAVIOR ] Run Closure @app_init [ RunTime:0.004001s ]
[ info ] [ LANG ] D:\WWW\fastadmin\thinkphp\lang\zh-cn.php
[ info ] [ ROUTE ] array (
  'type' => 'module',
  'module' => 
  array (
    0 => 'admin',
    1 => 'check.wait',
    2 => 'index',
  ),
)
[ info ] [ HEADER ] array (
  'cookie' => 'Hm_lvt_f8d0a8c400404989e195270b0bbf060a=1560396539; PHPSESSID=kuudi7nl5hrugpo2ijp7432bp0',
  'accept-language' => 'zh-CN,zh;q=0.9',
  'accept-encoding' => 'gzip, deflate',
  'referer' => 'http://192.168.1.144:1161/admin/check/wait?addtabs=1',
  'content-type' => 'application/json',
  'user-agent' => 'Mozilla/5.0 (Windows NT 6.1; Win64; x64) AppleWebKit/537.36 (KHTML, like Gecko) Chrome/74.0.3729.169 Safari/537.36',
  'x-requested-with' => 'XMLHttpRequest',
  'accept' => 'application/json, text/javascript, */*; q=0.01',
  'connection' => 'close',
  'host' => '192.168.1.144:1161',
)
[ info ] [ PARAM ] array (
  'addtabs' => '1',
  'sort' => 'id',
  'order' => 'desc',
  'offset' => '0',
  'limit' => '10',
  'filter' => '{}',
  'op' => '{}',
  '_' => '1560424724053',
)
[ info ] [ LANG ] D:\WWW\fastadmin\public/../application/admin\lang\zh-cn.php
[ info ] [ BEHAVIOR ] Run app\common\behavior\Common @module_init [ RunTime:0.002500s ]
[ info ] [ SESSION ] INIT array (
  'id' => '',
  'var_session_id' => '',
  'prefix' => 'think',
  'type' => '',
  'auto_start' => true,
)
[ info ] [ DB ] INIT mysql
[ info ] [ BEHAVIOR ] Run \addons\geetest\Geetest @config_init [ RunTime:0.000500s ]
[ info ] [ LANG ] D:\WWW\fastadmin\public/../application/admin/lang/zh-cn/check/wait.php
[ info ] [ DB ] INIT mysql
[ info ] [ BEHAVIOR ] Run \addons\geetest\Geetest @action_begin [ RunTime:0.000000s ]
[ info ] [ RUN ] app\admin\controller\check\Wait->index[ D:\WWW\fastadmin\application\admin\controller\check\Wait.php ]
[ info ] [ BEHAVIOR ] Run app\admin\behavior\AdminLog @app_end [ RunTime:0.000500s ]
[ info ] [ BEHAVIOR ] Run \addons\cms\Cms @response_send [ RunTime:0.000000s ]
[ info ] [ LOG ] INIT File
[ sql ] [ DB ] CONNECT:[ UseTime:0.021003s ] mysql:host=pipiyaode.mysql.rds.aliyuncs.com;dbname=fa;charset=utf8
[ sql ] [ SQL ] SHOW COLUMNS FROM `fa_auth_group_access` [ RunTime:0.012001s ]
[ sql ] [ SQL ] SELECT `aga`.`uid`,`aga`.`group_id`,`ag`.`id`,`ag`.`pid`,`ag`.`name`,`ag`.`rules` FROM `fa_auth_group_access` `aga` LEFT JOIN `fa_auth_group` `ag` ON `aga`.`group_id`=`ag`.`id` WHERE  (  aga.uid='1' and ag.status='normal' ) [ RunTime:0.015502s ]
[ sql ] [ SQL ] SHOW COLUMNS FROM `fa_auth_rule` [ RunTime:0.015002s ]
[ sql ] [ SQL ] SELECT `id`,`pid`,`condition`,`icon`,`name`,`title`,`ismenu` FROM `fa_auth_rule` WHERE  `status` = 'normal' [ RunTime:0.014502s ]
[ sql ] [ DB ] CONNECT:[ UseTime:0.019502s ] mysql:host=pipiyaode.mysql.rds.aliyuncs.com;dbname=fa;charset=utf8
[ sql ] [ SQL ] SHOW COLUMNS FROM `fa_check_info` [ RunTime:0.013502s ]
[ sql ] [ SQL ] SELECT COUNT(*) AS tp_count FROM `fa_check_info` WHERE  `status` = 0 ORDER BY `id` DESC LIMIT 1 [ RunTime:0.013002s ]
[ sql ] [ SQL ] SELECT * FROM `fa_check_info` WHERE  `status` = 0 ORDER BY `id` DESC LIMIT 0,10 [ RunTime:0.017002s ]
---------------------------------------------------------------
[ 2019-06-13T19:18:47+08:00 ] 192.168.1.144 GET 192.168.1.144:1161/admin/check/yee?addtabs=1
[运行时间：0.710590s] [吞吐率：1.41req/s] [内存消耗：3,448.13kb] [文件加载：140]
[ info ] [ BEHAVIOR ] Run Closure @app_init [ RunTime:0.000000s ]
[ info ] [ CACHE ] INIT File
[ info ] [ BEHAVIOR ] Run \addons\cms\Cms @app_init [ RunTime:0.002501s ]
[ info ] [ BEHAVIOR ] Run Closure @app_init [ RunTime:0.002501s ]
[ info ] [ LANG ] D:\WWW\fastadmin\thinkphp\lang\zh-cn.php
[ info ] [ ROUTE ] array (
  'type' => 'module',
  'module' => 
  array (
    0 => 'admin',
    1 => 'check.yee',
    2 => NULL,
  ),
)
[ info ] [ HEADER ] array (
  'cookie' => 'Hm_lvt_f8d0a8c400404989e195270b0bbf060a=1560396539; PHPSESSID=kuudi7nl5hrugpo2ijp7432bp0',
  'accept-language' => 'zh-CN,zh;q=0.9',
  'accept-encoding' => 'gzip, deflate',
  'referer' => 'http://192.168.1.144:1161/admin/check/yee?ref=addtabs',
  'accept' => 'text/html,application/xhtml+xml,application/xml;q=0.9,image/webp,image/apng,*/*;q=0.8,application/signed-exchange;v=b3',
  'user-agent' => 'Mozilla/5.0 (Windows NT 6.1; Win64; x64) AppleWebKit/537.36 (KHTML, like Gecko) Chrome/74.0.3729.169 Safari/537.36',
  'upgrade-insecure-requests' => '1',
  'connection' => 'close',
  'host' => '192.168.1.144:1161',
)
[ info ] [ PARAM ] array (
  'addtabs' => '1',
)
[ info ] [ LANG ] D:\WWW\fastadmin\public/../application/admin\lang\zh-cn.php
[ info ] [ BEHAVIOR ] Run app\common\behavior\Common @module_init [ RunTime:0.001500s ]
[ info ] [ SESSION ] INIT array (
  'id' => '',
  'var_session_id' => '',
  'prefix' => 'think',
  'type' => '',
  'auto_start' => true,
)
[ info ] [ DB ] INIT mysql
[ info ] [ BEHAVIOR ] Run \addons\geetest\Geetest @config_init [ RunTime:0.000500s ]
[ info ] [ LANG ] D:\WWW\fastadmin\public/../application/admin/lang/zh-cn/check/yee.php
[ info ] [ DB ] INIT mysql
[ info ] [ BEHAVIOR ] Run \addons\geetest\Geetest @action_begin [ RunTime:0.000000s ]
[ info ] [ RUN ] app\admin\controller\check\Yee->index[ D:\WWW\fastadmin\application\admin\controller\check\Yee.php ]
[ info ] [ VIEW ] D:\WWW\fastadmin\public/../application/admin\view\check\yee\index.html [ array (
  0 => 'breadcrumb',
  1 => 'site',
  2 => 'config',
  3 => 'auth',
  4 => 'admin',
  5 => 'typeList',
) ]
[ info ] [ BEHAVIOR ] Run app\admin\behavior\AdminLog @app_end [ RunTime:0.000500s ]
[ info ] [ BEHAVIOR ] Run \addons\cms\Cms @response_send [ RunTime:0.000000s ]
[ info ] [ LOG ] INIT File
[ sql ] [ DB ] CONNECT:[ UseTime:0.022002s ] mysql:host=pipiyaode.mysql.rds.aliyuncs.com;dbname=fa;charset=utf8
[ sql ] [ SQL ] SHOW COLUMNS FROM `fa_auth_group_access` [ RunTime:0.016002s ]
[ sql ] [ SQL ] SELECT `aga`.`uid`,`aga`.`group_id`,`ag`.`id`,`ag`.`pid`,`ag`.`name`,`ag`.`rules` FROM `fa_auth_group_access` `aga` LEFT JOIN `fa_auth_group` `ag` ON `aga`.`group_id`=`ag`.`id` WHERE  (  aga.uid='1' and ag.status='normal' ) [ RunTime:0.025504s ]
[ sql ] [ SQL ] SHOW COLUMNS FROM `fa_auth_rule` [ RunTime:0.014001s ]
[ sql ] [ SQL ] SELECT `id`,`pid`,`condition`,`icon`,`name`,`title`,`ismenu` FROM `fa_auth_rule` WHERE  `status` = 'normal' [ RunTime:0.021003s ]
[ sql ] [ SQL ] SELECT `title`,`remark` FROM `fa_auth_rule` WHERE  `name` = 'check/yee' LIMIT 1 [ RunTime:0.417053s ]
---------------------------------------------------------------
[ 2019-06-13T19:18:47+08:00 ] 192.168.1.144 GET 192.168.1.144:1161/admin/ajax/lang?callback=define&controllername=check.yee&v=1560424726
[运行时间：0.038004s] [吞吐率：26.31req/s] [内存消耗：2,671.28kb] [文件加载：132]
[ info ] [ BEHAVIOR ] Run Closure @app_init [ RunTime:0.000000s ]
[ info ] [ CACHE ] INIT File
[ info ] [ BEHAVIOR ] Run \addons\cms\Cms @app_init [ RunTime:0.002000s ]
[ info ] [ BEHAVIOR ] Run Closure @app_init [ RunTime:0.002000s ]
[ info ] [ LANG ] D:\WWW\fastadmin\thinkphp\lang\zh-cn.php
[ info ] [ ROUTE ] array (
  'type' => 'module',
  'module' => 
  array (
    0 => 'admin',
    1 => 'ajax',
    2 => 'lang',
  ),
)
[ info ] [ HEADER ] array (
  'cookie' => 'Hm_lvt_f8d0a8c400404989e195270b0bbf060a=1560396539; PHPSESSID=kuudi7nl5hrugpo2ijp7432bp0',
  'accept-language' => 'zh-CN,zh;q=0.9',
  'accept-encoding' => 'gzip, deflate',
  'referer' => 'http://192.168.1.144:1161/admin/check/yee?addtabs=1',
  'accept' => '*/*',
  'user-agent' => 'Mozilla/5.0 (Windows NT 6.1; Win64; x64) AppleWebKit/537.36 (KHTML, like Gecko) Chrome/74.0.3729.169 Safari/537.36',
  'connection' => 'close',
  'host' => '192.168.1.144:1161',
)
[ info ] [ PARAM ] array (
  'callback' => 'define',
  'controllername' => 'check.yee',
  'v' => '1560424726',
)
[ info ] [ LANG ] D:\WWW\fastadmin\public/../application/admin\lang\zh-cn.php
[ info ] [ BEHAVIOR ] Run app\common\behavior\Common @module_init [ RunTime:0.001000s ]
[ info ] [ SESSION ] INIT array (
  'id' => '',
  'var_session_id' => '',
  'prefix' => 'think',
  'type' => '',
  'auto_start' => true,
)
[ info ] [ BEHAVIOR ] Run \addons\geetest\Geetest @config_init [ RunTime:0.000500s ]
[ info ] [ LANG ] D:\WWW\fastadmin\public/../application/admin/lang/zh-cn/ajax.php
[ info ] [ BEHAVIOR ] Run \addons\geetest\Geetest @action_begin [ RunTime:0.000000s ]
[ info ] [ RUN ] app\admin\controller\Ajax->lang[ D:\WWW\fastadmin\application\admin\controller\Ajax.php ]
[ info ] [ LANG ] D:\WWW\fastadmin\public/../application/admin/lang/zh-cn/check/yee.php
[ info ] [ BEHAVIOR ] Run app\admin\behavior\AdminLog @app_end [ RunTime:0.000000s ]
[ info ] [ BEHAVIOR ] Run \addons\cms\Cms @response_send [ RunTime:0.000500s ]
[ info ] [ LOG ] INIT File
---------------------------------------------------------------
[ 2019-06-13T19:18:47+08:00 ] 192.168.1.144 GET 192.168.1.144:1161/admin/check/yee/index?addtabs=1&sort=id&order=desc&offset=0&limit=10&filter=%7B%7D&op=%7B%7D&_=1560424727250
[运行时间：0.522066s] [吞吐率：1.92req/s] [内存消耗：3,582.92kb] [文件加载：142]
[ info ] [ BEHAVIOR ] Run Closure @app_init [ RunTime:0.000000s ]
[ info ] [ CACHE ] INIT File
[ info ] [ BEHAVIOR ] Run \addons\cms\Cms @app_init [ RunTime:0.003000s ]
[ info ] [ BEHAVIOR ] Run Closure @app_init [ RunTime:0.003000s ]
[ info ] [ LANG ] D:\WWW\fastadmin\thinkphp\lang\zh-cn.php
[ info ] [ ROUTE ] array (
  'type' => 'module',
  'module' => 
  array (
    0 => 'admin',
    1 => 'check.yee',
    2 => 'index',
  ),
)
[ info ] [ HEADER ] array (
  'cookie' => 'Hm_lvt_f8d0a8c400404989e195270b0bbf060a=1560396539; PHPSESSID=kuudi7nl5hrugpo2ijp7432bp0',
  'accept-language' => 'zh-CN,zh;q=0.9',
  'accept-encoding' => 'gzip, deflate',
  'referer' => 'http://192.168.1.144:1161/admin/check/yee?addtabs=1',
  'content-type' => 'application/json',
  'user-agent' => 'Mozilla/5.0 (Windows NT 6.1; Win64; x64) AppleWebKit/537.36 (KHTML, like Gecko) Chrome/74.0.3729.169 Safari/537.36',
  'x-requested-with' => 'XMLHttpRequest',
  'accept' => 'application/json, text/javascript, */*; q=0.01',
  'connection' => 'close',
  'host' => '192.168.1.144:1161',
)
[ info ] [ PARAM ] array (
  'addtabs' => '1',
  'sort' => 'id',
  'order' => 'desc',
  'offset' => '0',
  'limit' => '10',
  'filter' => '{}',
  'op' => '{}',
  '_' => '1560424727250',
)
[ info ] [ LANG ] D:\WWW\fastadmin\public/../application/admin\lang\zh-cn.php
[ info ] [ BEHAVIOR ] Run app\common\behavior\Common @module_init [ RunTime:0.001500s ]
[ info ] [ SESSION ] INIT array (
  'id' => '',
  'var_session_id' => '',
  'prefix' => 'think',
  'type' => '',
  'auto_start' => true,
)
[ info ] [ DB ] INIT mysql
[ info ] [ BEHAVIOR ] Run \addons\geetest\Geetest @config_init [ RunTime:0.000501s ]
[ info ] [ LANG ] D:\WWW\fastadmin\public/../application/admin/lang/zh-cn/check/yee.php
[ info ] [ DB ] INIT mysql
[ info ] [ BEHAVIOR ] Run \addons\geetest\Geetest @action_begin [ RunTime:0.000000s ]
[ info ] [ RUN ] app\admin\controller\check\Yee->index[ D:\WWW\fastadmin\application\admin\controller\check\Yee.php ]
[ info ] [ BEHAVIOR ] Run app\admin\behavior\AdminLog @app_end [ RunTime:0.001000s ]
[ info ] [ BEHAVIOR ] Run \addons\cms\Cms @response_send [ RunTime:0.000000s ]
[ info ] [ LOG ] INIT File
[ sql ] [ DB ] CONNECT:[ UseTime:0.023003s ] mysql:host=pipiyaode.mysql.rds.aliyuncs.com;dbname=fa;charset=utf8
[ sql ] [ SQL ] SHOW COLUMNS FROM `fa_auth_group_access` [ RunTime:0.016502s ]
[ sql ] [ SQL ] SELECT `aga`.`uid`,`aga`.`group_id`,`ag`.`id`,`ag`.`pid`,`ag`.`name`,`ag`.`rules` FROM `fa_auth_group_access` `aga` LEFT JOIN `fa_auth_group` `ag` ON `aga`.`group_id`=`ag`.`id` WHERE  (  aga.uid='1' and ag.status='normal' ) [ RunTime:0.013002s ]
[ sql ] [ SQL ] SHOW COLUMNS FROM `fa_auth_rule` [ RunTime:0.016002s ]
[ sql ] [ SQL ] SELECT `id`,`pid`,`condition`,`icon`,`name`,`title`,`ismenu` FROM `fa_auth_rule` WHERE  `status` = 'normal' [ RunTime:0.323541s ]
[ sql ] [ DB ] CONNECT:[ UseTime:0.019502s ] mysql:host=pipiyaode.mysql.rds.aliyuncs.com;dbname=fa;charset=utf8
[ sql ] [ SQL ] SHOW COLUMNS FROM `fa_check_info` [ RunTime:0.013502s ]
[ sql ] [ SQL ] SELECT COUNT(*) AS tp_count FROM `fa_check_info` WHERE  `status` = 1 ORDER BY `id` DESC LIMIT 1 [ RunTime:0.010501s ]
[ sql ] [ SQL ] SELECT * FROM `fa_check_info` WHERE  `status` = 1 ORDER BY `id` DESC LIMIT 0,10 [ RunTime:0.019503s ]
---------------------------------------------------------------
[ 2019-06-13T19:18:48+08:00 ] 192.168.1.144 GET 192.168.1.144:1161/admin/check/cost?addtabs=1
[运行时间：0.261033s] [吞吐率：3.83req/s] [内存消耗：3,456.26kb] [文件加载：140]
[ info ] [ BEHAVIOR ] Run Closure @app_init [ RunTime:0.000000s ]
[ info ] [ CACHE ] INIT File
[ info ] [ BEHAVIOR ] Run \addons\cms\Cms @app_init [ RunTime:0.002501s ]
[ info ] [ BEHAVIOR ] Run Closure @app_init [ RunTime:0.002501s ]
[ info ] [ LANG ] D:\WWW\fastadmin\thinkphp\lang\zh-cn.php
[ info ] [ ROUTE ] array (
  'type' => 'module',
  'module' => 
  array (
    0 => 'admin',
    1 => 'check.cost',
    2 => NULL,
  ),
)
[ info ] [ HEADER ] array (
  'cookie' => 'Hm_lvt_f8d0a8c400404989e195270b0bbf060a=1560396539; PHPSESSID=kuudi7nl5hrugpo2ijp7432bp0',
  'accept-language' => 'zh-CN,zh;q=0.9',
  'accept-encoding' => 'gzip, deflate',
  'referer' => 'http://192.168.1.144:1161/admin/check/cost?ref=addtabs',
  'accept' => 'text/html,application/xhtml+xml,application/xml;q=0.9,image/webp,image/apng,*/*;q=0.8,application/signed-exchange;v=b3',
  'user-agent' => 'Mozilla/5.0 (Windows NT 6.1; Win64; x64) AppleWebKit/537.36 (KHTML, like Gecko) Chrome/74.0.3729.169 Safari/537.36',
  'upgrade-insecure-requests' => '1',
  'connection' => 'close',
  'host' => '192.168.1.144:1161',
)
[ info ] [ PARAM ] array (
  'addtabs' => '1',
)
[ info ] [ LANG ] D:\WWW\fastadmin\public/../application/admin\lang\zh-cn.php
[ info ] [ BEHAVIOR ] Run app\common\behavior\Common @module_init [ RunTime:0.001500s ]
[ info ] [ SESSION ] INIT array (
  'id' => '',
  'var_session_id' => '',
  'prefix' => 'think',
  'type' => '',
  'auto_start' => true,
)
[ info ] [ DB ] INIT mysql
[ info ] [ BEHAVIOR ] Run \addons\geetest\Geetest @config_init [ RunTime:0.000500s ]
[ info ] [ LANG ] D:\WWW\fastadmin\public/../application/admin/lang/zh-cn/check/cost.php
[ info ] [ DB ] INIT mysql
[ info ] [ BEHAVIOR ] Run \addons\geetest\Geetest @action_begin [ RunTime:0.000000s ]
[ info ] [ RUN ] app\admin\controller\check\Cost->index[ D:\WWW\fastadmin\application\admin\controller\check\Cost.php ]
[ info ] [ VIEW ] D:\WWW\fastadmin\public/../application/admin\view\check\cost\index.html [ array (
  0 => 'breadcrumb',
  1 => 'site',
  2 => 'config',
  3 => 'auth',
  4 => 'admin',
  5 => 'typeList',
) ]
[ info ] [ BEHAVIOR ] Run app\admin\behavior\AdminLog @app_end [ RunTime:0.000000s ]
[ info ] [ BEHAVIOR ] Run \addons\cms\Cms @response_send [ RunTime:0.000000s ]
[ info ] [ LOG ] INIT File
[ sql ] [ DB ] CONNECT:[ UseTime:0.019503s ] mysql:host=pipiyaode.mysql.rds.aliyuncs.com;dbname=fa;charset=utf8
[ sql ] [ SQL ] SHOW COLUMNS FROM `fa_auth_group_access` [ RunTime:0.014002s ]
[ sql ] [ SQL ] SELECT `aga`.`uid`,`aga`.`group_id`,`ag`.`id`,`ag`.`pid`,`ag`.`name`,`ag`.`rules` FROM `fa_auth_group_access` `aga` LEFT JOIN `fa_auth_group` `ag` ON `aga`.`group_id`=`ag`.`id` WHERE  (  aga.uid='1' and ag.status='normal' ) [ RunTime:0.013501s ]
[ sql ] [ SQL ] SHOW COLUMNS FROM `fa_auth_rule` [ RunTime:0.015002s ]
[ sql ] [ SQL ] SELECT `id`,`pid`,`condition`,`icon`,`name`,`title`,`ismenu` FROM `fa_auth_rule` WHERE  `status` = 'normal' [ RunTime:0.019503s ]
[ sql ] [ SQL ] SELECT `title`,`remark` FROM `fa_auth_rule` WHERE  `name` = 'check/cost' LIMIT 1 [ RunTime:0.016502s ]
---------------------------------------------------------------
[ 2019-06-13T19:18:48+08:00 ] 192.168.1.144 GET 192.168.1.144:1161/admin/ajax/lang?callback=define&controllername=check.cost&v=1560424728
[运行时间：0.041506s] [吞吐率：24.09req/s] [内存消耗：2,673.41kb] [文件加载：132]
[ info ] [ BEHAVIOR ] Run Closure @app_init [ RunTime:0.000000s ]
[ info ] [ CACHE ] INIT File
[ info ] [ BEHAVIOR ] Run \addons\cms\Cms @app_init [ RunTime:0.003000s ]
[ info ] [ BEHAVIOR ] Run Closure @app_init [ RunTime:0.003000s ]
[ info ] [ LANG ] D:\WWW\fastadmin\thinkphp\lang\zh-cn.php
[ info ] [ ROUTE ] array (
  'type' => 'module',
  'module' => 
  array (
    0 => 'admin',
    1 => 'ajax',
    2 => 'lang',
  ),
)
[ info ] [ HEADER ] array (
  'cookie' => 'Hm_lvt_f8d0a8c400404989e195270b0bbf060a=1560396539; PHPSESSID=kuudi7nl5hrugpo2ijp7432bp0',
  'accept-language' => 'zh-CN,zh;q=0.9',
  'accept-encoding' => 'gzip, deflate',
  'referer' => 'http://192.168.1.144:1161/admin/check/cost?addtabs=1',
  'accept' => '*/*',
  'user-agent' => 'Mozilla/5.0 (Windows NT 6.1; Win64; x64) AppleWebKit/537.36 (KHTML, like Gecko) Chrome/74.0.3729.169 Safari/537.36',
  'connection' => 'close',
  'host' => '192.168.1.144:1161',
)
[ info ] [ PARAM ] array (
  'callback' => 'define',
  'controllername' => 'check.cost',
  'v' => '1560424728',
)
[ info ] [ LANG ] D:\WWW\fastadmin\public/../application/admin\lang\zh-cn.php
[ info ] [ BEHAVIOR ] Run app\common\behavior\Common @module_init [ RunTime:0.001500s ]
[ info ] [ SESSION ] INIT array (
  'id' => '',
  'var_session_id' => '',
  'prefix' => 'think',
  'type' => '',
  'auto_start' => true,
)
[ info ] [ BEHAVIOR ] Run \addons\geetest\Geetest @config_init [ RunTime:0.000500s ]
[ info ] [ LANG ] D:\WWW\fastadmin\public/../application/admin/lang/zh-cn/ajax.php
[ info ] [ BEHAVIOR ] Run \addons\geetest\Geetest @action_begin [ RunTime:0.000000s ]
[ info ] [ RUN ] app\admin\controller\Ajax->lang[ D:\WWW\fastadmin\application\admin\controller\Ajax.php ]
[ info ] [ LANG ] D:\WWW\fastadmin\public/../application/admin/lang/zh-cn/check/cost.php
[ info ] [ BEHAVIOR ] Run app\admin\behavior\AdminLog @app_end [ RunTime:0.000500s ]
[ info ] [ BEHAVIOR ] Run \addons\cms\Cms @response_send [ RunTime:0.000000s ]
[ info ] [ LOG ] INIT File
---------------------------------------------------------------
[ 2019-06-13T19:18:48+08:00 ] 192.168.1.144 GET 192.168.1.144:1161/admin/check/cost/index?addtabs=1&sort=id&order=desc&offset=0&limit=10&filter=%7B%7D&op=%7B%7D&_=1560424728357
[运行时间：0.198525s] [吞吐率：5.04req/s] [内存消耗：3,589.82kb] [文件加载：142]
[ info ] [ BEHAVIOR ] Run Closure @app_init [ RunTime:0.000000s ]
[ info ] [ CACHE ] INIT File
[ info ] [ BEHAVIOR ] Run \addons\cms\Cms @app_init [ RunTime:0.002501s ]
[ info ] [ BEHAVIOR ] Run Closure @app_init [ RunTime:0.002501s ]
[ info ] [ LANG ] D:\WWW\fastadmin\thinkphp\lang\zh-cn.php
[ info ] [ ROUTE ] array (
  'type' => 'module',
  'module' => 
  array (
    0 => 'admin',
    1 => 'check.cost',
    2 => 'index',
  ),
)
[ info ] [ HEADER ] array (
  'cookie' => 'Hm_lvt_f8d0a8c400404989e195270b0bbf060a=1560396539; PHPSESSID=kuudi7nl5hrugpo2ijp7432bp0',
  'accept-language' => 'zh-CN,zh;q=0.9',
  'accept-encoding' => 'gzip, deflate',
  'referer' => 'http://192.168.1.144:1161/admin/check/cost?addtabs=1',
  'content-type' => 'application/json',
  'user-agent' => 'Mozilla/5.0 (Windows NT 6.1; Win64; x64) AppleWebKit/537.36 (KHTML, like Gecko) Chrome/74.0.3729.169 Safari/537.36',
  'x-requested-with' => 'XMLHttpRequest',
  'accept' => 'application/json, text/javascript, */*; q=0.01',
  'connection' => 'close',
  'host' => '192.168.1.144:1161',
)
[ info ] [ PARAM ] array (
  'addtabs' => '1',
  'sort' => 'id',
  'order' => 'desc',
  'offset' => '0',
  'limit' => '10',
  'filter' => '{}',
  'op' => '{}',
  '_' => '1560424728357',
)
[ info ] [ LANG ] D:\WWW\fastadmin\public/../application/admin\lang\zh-cn.php
[ info ] [ BEHAVIOR ] Run app\common\behavior\Common @module_init [ RunTime:0.002500s ]
[ info ] [ SESSION ] INIT array (
  'id' => '',
  'var_session_id' => '',
  'prefix' => 'think',
  'type' => '',
  'auto_start' => true,
)
[ info ] [ DB ] INIT mysql
[ info ] [ BEHAVIOR ] Run \addons\geetest\Geetest @config_init [ RunTime:0.000000s ]
[ info ] [ LANG ] D:\WWW\fastadmin\public/../application/admin/lang/zh-cn/check/cost.php
[ info ] [ DB ] INIT mysql
[ info ] [ BEHAVIOR ] Run \addons\geetest\Geetest @action_begin [ RunTime:0.000000s ]
[ info ] [ RUN ] app\admin\controller\check\Cost->index[ D:\WWW\fastadmin\application\admin\controller\check\Cost.php ]
[ info ] [ BEHAVIOR ] Run app\admin\behavior\AdminLog @app_end [ RunTime:0.000500s ]
[ info ] [ BEHAVIOR ] Run \addons\cms\Cms @response_send [ RunTime:0.000000s ]
[ info ] [ LOG ] INIT File
[ sql ] [ DB ] CONNECT:[ UseTime:0.022503s ] mysql:host=pipiyaode.mysql.rds.aliyuncs.com;dbname=fa;charset=utf8
[ sql ] [ SQL ] SHOW COLUMNS FROM `fa_auth_group_access` [ RunTime:0.012001s ]
[ sql ] [ SQL ] SELECT `aga`.`uid`,`aga`.`group_id`,`ag`.`id`,`ag`.`pid`,`ag`.`name`,`ag`.`rules` FROM `fa_auth_group_access` `aga` LEFT JOIN `fa_auth_group` `ag` ON `aga`.`group_id`=`ag`.`id` WHERE  (  aga.uid='1' and ag.status='normal' ) [ RunTime:0.012502s ]
[ sql ] [ SQL ] SHOW COLUMNS FROM `fa_auth_rule` [ RunTime:0.016002s ]
[ sql ] [ SQL ] SELECT `id`,`pid`,`condition`,`icon`,`name`,`title`,`ismenu` FROM `fa_auth_rule` WHERE  `status` = 'normal' [ RunTime:0.015502s ]
[ sql ] [ DB ] CONNECT:[ UseTime:0.018503s ] mysql:host=pipiyaode.mysql.rds.aliyuncs.com;dbname=fa;charset=utf8
[ sql ] [ SQL ] SHOW COLUMNS FROM `fa_check_info` [ RunTime:0.014002s ]
[ sql ] [ SQL ] SELECT COUNT(*) AS tp_count FROM `fa_check_info` WHERE  `status` = 2 ORDER BY `id` DESC LIMIT 1 [ RunTime:0.012001s ]
[ sql ] [ SQL ] SELECT * FROM `fa_check_info` WHERE  `status` = 2 ORDER BY `id` DESC LIMIT 0,10 [ RunTime:0.018503s ]
